Arguments: 
  /usr/local/bin/node /usr/local/bin/yarn add realm --save

PATH: 
  /home/madhav/bin:/home/madhav/.local/bin:/usr/local/sbin:/usr/local/bin:/usr/sbin:/usr/bin:/sbin:/bin:/usr/games:/usr/local/games:/snap/bin:/usr/local/java/jre1.8.0_121/bin:/usr/local/java/jdk1.8.0_121/bin

Yarn version: 
  1.3.2

Node version: 
  4.8.4

Platform: 
  linux x64

npm manifest: 
  {
  	"name": "CarbonFootprint",
  	"version": "0.0.1",
  	"private": true,
  	"scripts": {
  		"start": "node node_modules/react-native/local-cli/cli.js start",
  		"test": "jest"
  	},
  	"dependencies": {
  		"@mapbox/polyline": "^0.2.0",
  		"firebase": "^4.2.0",
  		"haversine": "^1.0.2",
  		"react": "16.0.0-alpha.6",
  		"react-native": "0.44.2",
  		"react-native-actionsheet": "^2.2.2",
  		"react-native-activity-recognition": "^3.1.0",
  		"react-native-android-location-services-dialog-box": "^2.4.3",
  		"react-native-background-timer": "^1.3.0",
  		"react-native-fbsdk": "0.6.0",
  		"react-native-geocoding": "^0.2.0",
  		"react-native-google-places": "^2.4.1",
  		"react-native-google-sign-in": "0.0.14",
  		"react-native-keyboard-aware-scroll-view": "^0.2.9",
  		"react-native-maps": "^0.15.2",
  		"react-native-picker": "^4.1.2",
  		"react-native-router-flux": "^3.40.1",
  		"react-native-scrollable-tab-view": "^0.6.7",
  		"react-native-simple-auth": "^2.1.0",
  		"react-native-splash-screen": "^2.1.0",
  		"react-native-timeline-listview": "^0.2.1",
  		"react-native-vector-icons": "^4.2.0",
  		"react-redux": "^5.0.5",
  		"realm": "^1.10.1",
  		"redux": "3.6.0",
  		"redux-logger": "^3.0.6",
  		"redux-thunk": "^2.2.0",
  		"tipsi-twitter": "~1.0.0"
  	},
  	"devDependencies": {
  		"babel-jest": "20.0.3",
  		"babel-preset-react-native": "1.9.2",
  		"jest": "20.0.4",
  		"react-test-renderer": "16.0.0-alpha.6",
  		"redux-devtools": "^3.4.0"
  	},
  	"jest": {
  		"preset": "react-native"
  	}
  }

yarn manifest: 
  No manifest

Lockfile: 
  No lockfile

Trace: 
  Error: self signed certificate in certificate chain
      at Error (native)
      at TLSSocket.<anonymous> (_tls_wrap.js:1065:38)
      at emitNone (events.js:67:13)
      at TLSSocket.emit (events.js:166:7)
      at TLSSocket._init.ssl.onclienthello.ssl.oncertcb.TLSSocket._finishInit (_tls_wrap.js:623:8)
      at TLSWrap.ssl.onclienthello.ssl.oncertcb.ssl.onnewsession.ssl.onhandshakedone (_tls_wrap.js:453:38)
